0 info it worked if it ends with ok
1 verbose cli [ '/usr/local/bin/node',
1 verbose cli   '/usr/local/bin/npm',
1 verbose cli   'install',
1 verbose cli   '-g',
1 verbose cli   'browser-sync' ]
2 info using npm@2.14.7
3 info using node@v4.2.2
4 verbose install initial load of /usr/local/lib/package.json
5 verbose readDependencies loading dependencies from /usr/local/lib/package.json
6 silly cache add args [ 'browser-sync', null ]
7 verbose cache add spec browser-sync
8 silly cache add parsed spec Result {
8 silly cache add   raw: 'browser-sync',
8 silly cache add   scope: null,
8 silly cache add   name: 'browser-sync',
8 silly cache add   rawSpec: '',
8 silly cache add   spec: '*',
8 silly cache add   type: 'range' }
9 silly addNamed browser-sync@*
10 verbose addNamed "*" is a valid semver range for browser-sync
11 silly addNameRange { name: 'browser-sync', range: '*', hasData: false }
12 silly mapToRegistry name browser-sync
13 silly mapToRegistry using default registry
14 silly mapToRegistry registry https://registry.npmjs.org/
15 silly mapToRegistry uri https://registry.npmjs.org/browser-sync
16 verbose addNameRange registry:https://registry.npmjs.org/browser-sync not in flight; fetching
17 verbose request uri https://registry.npmjs.org/browser-sync
18 verbose request no auth needed
19 info attempt registry request try #1 at 7:10:03 PM
20 verbose request id 5a06402ec70d083b
21 verbose etag "8K4U0ASI1S535IU31PXX5PXVZ"
22 http request GET https://registry.npmjs.org/browser-sync
23 http 200 https://registry.npmjs.org/browser-sync
24 verbose headers { server: 'CouchDB/1.5.0 (Erlang OTP/R16B03)',
24 verbose headers   etag: '"3EINN70FMFBISPRD0SD5P3FJS"',
24 verbose headers   'content-type': 'application/json',
24 verbose headers   'content-encoding': 'gzip',
24 verbose headers   'cache-control': 'max-age=300',
24 verbose headers   'content-length': '41062',
24 verbose headers   'accept-ranges': 'bytes',
24 verbose headers   date: 'Wed, 14 Sep 2016 00:10:04 GMT',
24 verbose headers   via: '1.1 varnish',
24 verbose headers   age: '255',
24 verbose headers   connection: 'keep-alive',
24 verbose headers   'x-served-by': 'cache-dfw1834-DFW',
24 verbose headers   'x-cache': 'HIT',
24 verbose headers   'x-cache-hits': '1',
24 verbose headers   'x-timer': 'S1473811804.012247,VS0,VE0',
24 verbose headers   vary: 'Accept-Encoding' }
25 silly get cb [ 200,
25 silly get   { server: 'CouchDB/1.5.0 (Erlang OTP/R16B03)',
25 silly get     etag: '"3EINN70FMFBISPRD0SD5P3FJS"',
25 silly get     'content-type': 'application/json',
25 silly get     'content-encoding': 'gzip',
25 silly get     'cache-control': 'max-age=300',
25 silly get     'content-length': '41062',
25 silly get     'accept-ranges': 'bytes',
25 silly get     date: 'Wed, 14 Sep 2016 00:10:04 GMT',
25 silly get     via: '1.1 varnish',
25 silly get     age: '255',
25 silly get     connection: 'keep-alive',
25 silly get     'x-served-by': 'cache-dfw1834-DFW',
25 silly get     'x-cache': 'HIT',
25 silly get     'x-cache-hits': '1',
25 silly get     'x-timer': 'S1473811804.012247,VS0,VE0',
25 silly get     vary: 'Accept-Encoding' } ]
26 verbose get saving browser-sync to /Users/vanitawashington/.npm/registry.npmjs.org/browser-sync/.cache.json
27 silly addNameRange number 2 { name: 'browser-sync', range: '*', hasData: true }
28 silly addNameRange versions [ 'browser-sync',
28 silly addNameRange   [ '0.1.0',
28 silly addNameRange     '0.1.1',
28 silly addNameRange     '0.1.3',
28 silly addNameRange     '0.1.5',
28 silly addNameRange     '0.1.6',
28 silly addNameRange     '0.1.7',
28 silly addNameRange     '0.1.8',
28 silly addNameRange     '0.1.9',
28 silly addNameRange     '0.1.10',
28 silly addNameRange     '0.2.0',
28 silly addNameRange     '0.2.1',
28 silly addNameRange     '0.3.0',
28 silly addNameRange     '0.3.1',
28 silly addNameRange     '0.3.2',
28 silly addNameRange     '0.3.3',
28 silly addNameRange     '0.3.4',
28 silly addNameRange     '0.3.5',
28 silly addNameRange     '0.3.6',
28 silly addNameRange     '0.3.7',
28 silly addNameRange     '0.3.8',
28 silly addNameRange     '0.3.10',
28 silly addNameRange     '0.4.0',
28 silly addNameRange     '0.4.1',
28 silly addNameRange     '0.4.2',
28 silly addNameRange     '0.4.21',
28 silly addNameRange     '0.4.3',
28 silly addNameRange     '0.4.4',
28 silly addNameRange     '0.4.5',
28 silly addNameRange     '0.4.6',
28 silly addNameRange     '0.4.7',
28 silly addNameRange     '0.4.8',
28 silly addNameRange     '0.4.9',
28 silly addNameRange     '0.4.10',
28 silly addNameRange     '0.4.11',
28 silly addNameRange     '0.4.12',
28 silly addNameRange     '0.5.0',
28 silly addNameRange     '0.5.1',
28 silly addNameRange     '0.5.2',
28 silly addNameRange     '0.5.3',
28 silly addNameRange     '0.5.4',
28 silly addNameRange     '0.5.5',
28 silly addNameRange     '0.5.6',
28 silly addNameRange     '0.5.7',
28 silly addNameRange     '0.5.8',
28 silly addNameRange     '0.5.9',
28 silly addNameRange     '0.6.0',
28 silly addNameRange     '0.6.1',
28 silly addNameRange     '0.6.2',
28 silly addNameRange     '0.7.0',
28 silly addNameRange     '0.7.1',
28 silly addNameRange     '0.7.2',
28 silly addNameRange     '0.7.3',
28 silly addNameRange     '0.7.4',
28 silly addNameRange     '0.7.5',
28 silly addNameRange     '0.7.7',
28 silly addNameRange     '0.8.0',
28 silly addNameRange     '0.8.1',
28 silly addNameRange     '0.8.2',
28 silly addNameRange     '0.9.0',
28 silly addNameRange     '0.9.1',
28 silly addNameRange     '1.0.0',
28 silly addNameRange     '1.1.0',
28 silly addNameRange     '1.1.1',
28 silly addNameRange     '1.1.2',
28 silly addNameRange     '1.2.0',
28 silly addNameRange     '1.2.1',
28 silly addNameRange     '1.3.0',
28 silly addNameRange     '1.3.2',
28 silly addNameRange     '1.3.3',
28 silly addNameRange     '1.3.4',
28 silly addNameRange     '1.3.5',
28 silly addNameRange     '1.3.6',
28 silly addNameRange     '1.3.7',
28 silly addNameRange     '1.5.0',
28 silly addNameRange     '1.5.1',
28 silly addNameRange     '1.5.2',
28 silly addNameRange     '1.5.3',
28 silly addNameRange     '1.5.4',
28 silly addNameRange     '1.5.5',
28 silly addNameRange     '1.5.6',
28 silly addNameRange     '1.5.7',
28 silly addNameRange     '1.5.8',
28 silly addNameRange     '1.5.9',
28 silly addNameRange     '1.6.0',
28 silly addNameRange     '1.6.1',
28 silly addNameRange     '1.6.2',
28 silly addNameRange     '1.6.3',
28 silly addNameRange     '1.6.4',
28 silly addNameRange     '1.6.5',
28 silly addNameRange     '1.7.0',
28 silly addNameRange     '1.7.1',
28 silly addNameRange     '1.7.2',
28 silly addNameRange     '1.7.3',
28 silly addNameRange     '1.8.0',
28 silly addNameRange     '1.8.1',
28 silly addNameRange     '1.8.2',
28 silly addNameRange     '1.8.3',
28 silly addNameRange     '1.9.0',
28 silly addNameRange     '1.9.1',
28 silly addNameRange     '2.0.0-rc1',
28 silly addNameRange     '2.0.0-rc2',
28 silly addNameRange     '2.0.0-rc3',
28 silly addNameRange     '2.0.0-rc4',
28 silly addNameRange     '2.0.0-rc5',
28 silly addNameRange     '2.0.0-rc6',
28 silly addNameRange     '2.0.0-rc7',
28 silly addNameRange     '2.0.0-rc8',
28 silly addNameRange     '2.0.0-rc9',
28 silly addNameRange     '2.0.0-rc10',
28 silly addNameRange     '2.0.0',
28 silly addNameRange     '2.0.1',
28 silly addNameRange     '2.1.0',
28 silly addNameRange     '2.1.1',
28 silly addNameRange     '2.1.2',
28 silly addNameRange     '2.1.3',
28 silly addNameRange     '2.1.4',
28 silly addNameRange     '2.1.6',
28 silly addNameRange     '2.2.0',
28 silly addNameRange     '2.2.1',
28 silly addNameRange     '2.2.2',
28 silly addNameRange     '2.2.3',
28 silly addNameRange     '2.2.4',
28 silly addNameRange     '2.2.5',
28 silly addNameRange     '2.3.0',
28 silly addNameRange     '2.3.1',
28 silly addNameRange     '2.3.2',
28 silly addNameRange     '2.4.0',
28 silly addNameRange     '2.4.1',
28 silly addNameRange     '2.5.0',
28 silly addNameRange     '2.5.1',
28 silly addNameRange     '2.5.2',
28 silly addNameRange     '2.5.3',
28 silly addNameRange     '2.6.0',
28 silly addNameRange     '2.6.1',
28 silly addNameRange     '2.6.2',
28 silly addNameRange     '2.6.3',
28 silly addNameRange     '2.6.4',
28 silly addNameRange     '2.6.5',
28 silly addNameRange     '2.6.6',
28 silly addNameRange     '1.9.2',
28 silly addNameRange     '2.6.7',
28 silly addNameRange     '2.6.8',
28 silly addNameRange     '2.6.9',
28 silly addNameRange     '2.6.10',
28 silly addNameRange     '2.6.11',
28 silly addNameRange     '2.7.0',
28 silly addNameRange     '2.7.1',
28 silly addNameRange     '2.7.2',
28 silly addNameRange     '2.7.3',
28 silly addNameRange     '2.7.4',
28 silly addNameRange     '2.7.5',
28 silly addNameRange     '2.7.6',
28 silly addNameRange     '2.7.7',
28 silly addNameRange     '2.7.8',
28 silly addNameRange     '2.7.9',
28 silly addNameRange     '2.7.10',
28 silly addNameRange     '2.7.11',
28 silly addNameRange     '2.7.12',
28 silly addNameRange     '2.7.13',
28 silly addNameRange     '2.8.0',
28 silly addNameRange     '2.8.1',
28 silly addNameRange     '2.8.2',
28 silly addNameRange     '2.8.3',
28 silly addNameRange     '2.9.0',
28 silly addNameRange     '2.9.1',
28 silly addNameRange     '2.9.2',
28 silly addNameRange     '2.9.3',
28 silly addNameRange     '2.9.4',
28 silly addNameRange     '2.9.5',
28 silly addNameRange     '2.9.6',
28 silly addNameRange     '2.9.7',
28 silly addNameRange     '2.9.8',
28 silly addNameRange     '2.9.9',
28 silly addNameRange     '2.9.10',
28 silly addNameRange     '2.9.11',
28 silly addNameRange     '2.9.12',
28 silly addNameRange     '2.10.0',
28 silly addNameRange     '2.10.1',
28 silly addNameRange     '2.11.0',
28 silly addNameRange     '2.11.1',
28 silly addNameRange     '2.11.2',
28 silly addNameRange     '2.12.1',
28 silly addNameRange     '2.12.2',
28 silly addNameRange     '2.12.3',
28 silly addNameRange     '2.12.4',
28 silly addNameRange     '2.12.5',
28 silly addNameRange     '2.12.6',
28 silly addNameRange     '2.12.7',
28 silly addNameRange     '2.12.8',
28 silly addNameRange     '2.12.9',
28 silly addNameRange     '2.12.10',
28 silly addNameRange     '2.12.11',
28 silly addNameRange     '2.12.12',
28 silly addNameRange     '2.13.0',
28 silly addNameRange     '2.14.0',
28 silly addNameRange     '2.14.1',
28 silly addNameRange     '2.14.2',
28 silly addNameRange     '2.14.3',
28 silly addNameRange     '2.15.0' ] ]
29 silly addNamed browser-sync@2.15.0
30 verbose addNamed "2.15.0" is a plain semver version for browser-sync
31 silly mapToRegistry name browser-sync
32 silly mapToRegistry using default registry
33 silly mapToRegistry registry https://registry.npmjs.org/
34 silly mapToRegistry uri https://registry.npmjs.org/browser-sync
35 verbose addRemoteTarball https://registry.npmjs.org/browser-sync/-/browser-sync-2.15.0.tgz not in flight; adding
36 verbose addRemoteTarball [ 'https://registry.npmjs.org/browser-sync/-/browser-sync-2.15.0.tgz',
36 verbose addRemoteTarball   '424758e90630d3af282bb05c45e529489439cedf' ]
37 info retry fetch attempt 1 at 7:10:04 PM
38 info attempt registry request try #1 at 7:10:04 PM
39 http fetch GET https://registry.npmjs.org/browser-sync/-/browser-sync-2.15.0.tgz
40 http fetch 200 https://registry.npmjs.org/browser-sync/-/browser-sync-2.15.0.tgz
41 silly fetchAndShaCheck shasum 424758e90630d3af282bb05c45e529489439cedf
42 verbose addTmpTarball /var/folders/xd/ggkbg_8x01ggxg434md5ty3h0000gn/T/npm-3679-9be1ef10/registry.npmjs.org/browser-sync/-/browser-sync-2.15.0.tgz not in flight; adding
43 verbose addTmpTarball already have metadata; skipping unpack for browser-sync@2.15.0
44 silly cache afterAdd browser-sync@2.15.0
45 verbose afterAdd /Users/vanitawashington/.npm/browser-sync/2.15.0/package/package.json not in flight; writing
46 verbose afterAdd /Users/vanitawashington/.npm/browser-sync/2.15.0/package/package.json written
47 silly install resolved [ { name: 'browser-sync',
47 silly install resolved     description: 'Live CSS Reload & Browser Syncing',
47 silly install resolved     version: '2.15.0',
47 silly install resolved     homepage: 'http://www.browsersync.io/',
47 silly install resolved     author: { name: 'Shane Osbourne' },
47 silly install resolved     repository:
47 silly install resolved      { type: 'git',
47 silly install resolved        url: 'git+https://github.com/browsersync/browser-sync.git' },
47 silly install resolved     license: 'Apache-2.0',
47 silly install resolved     bin: { 'browser-sync': 'bin/browser-sync.js' },
47 silly install resolved     files: [ 'bin', 'index.js', 'lib', 'lodash.custom.js' ],
47 silly install resolved     engines: { node: '>= 0.8.0' },
47 silly install resolved     scripts:
47 silly install resolved      { env: 'node ./test/env.js',
47 silly install resolved        test: 'npm run lint && npm run env && npm run unit',
47 silly install resolved        lint: 'eslint index.js lib bin examples test/specs gulpfile.js',
47 silly install resolved        pro: 'protractor test/protractor/config.single.js',
47 silly install resolved        'pro-local': 'node test/protractor/setup.js',
47 silly install resolved        unit: 'mocha --recursive test/specs --timeout 10000',
47 silly install resolved        cover: 'npm run env && npm run cover-local && npm run coveralls',
47 silly install resolved        'cover-local': 'istanbul cover -x lodash.custom.js _mocha -- --timeout 10000 --recursive ./test/specs',
47 silly install resolved        coveralls: 'istanbul-coveralls',
47 silly install resolved        'pre-release': 'npm test && npm run pro-local && npm run pro',
47 silly install resolved        lodash: 'lodash include=isUndefined,isFunction,toArray,includes,union,each,isString,merge,isObject,set exports=node' },
47 silly install resolved     dependencies:
47 silly install resolved      { 'browser-sync-client': '^2.3.3',
47 silly install resolved        'browser-sync-ui': '0.6.0',
47 silly install resolved        'bs-recipes': '1.2.3',
47 silly install resolved        chokidar: '1.6.0',
47 silly install resolved        connect: '3.4.1',
47 silly install resolved        'dev-ip': '^1.0.1',
47 silly install resolved        'easy-extender': '2.3.2',
47 silly install resolved        'eazy-logger': '3.0.2',
47 silly install resolved        'emitter-steward': '^1.0.0',
47 silly install resolved        'fs-extra': '0.30.0',
47 silly install resolved        'http-proxy': '1.14.0',
47 silly install resolved        immutable: '3.8.1',
47 silly install resolved        localtunnel: '1.8.1',
47 silly install resolved        micromatch: '2.3.11',
47 silly install resolved        opn: '4.0.2',
47 silly install resolved        portscanner: '^1.0.0',
47 silly install resolved        qs: '6.2.1',
47 silly install resolved        'resp-modifier': '6.0.2',
47 silly install resolved        rx: '4.1.0',
47 silly install resolved        'serve-index': '1.8.0',
47 silly install resolved        'serve-static': '1.11.1',
47 silly install resolved        'server-destroy': '1.0.1',
47 silly install resolved        'socket.io': '1.4.8',
47 silly install resolved        'ua-parser-js': '0.7.10',
47 silly install resolved        yargs: '5.0.0' },
47 silly install resolved     devDependencies:
47 silly install resolved      { 'browser-sync-spa': '1.0.3',
47 silly install resolved        'bs-html-injector': '3.0.2',
47 silly install resolved        'bs-latency': '1.0.0',
47 silly install resolved        'bs-rewrite-rules': '1.0.0',
47 silly install resolved        'bs-snippet-injector': '2.0.1',
47 silly install resolved        chai: '3.5.0',
47 silly install resolved        chalk: '1.1.3',
47 silly install resolved        compression: '1.6.2',
47 silly install resolved        eslint: '3.4.0',
47 silly install resolved        'graceful-fs': '4.1.6',
47 silly install resolved        gulp: '3.9.1',
47 silly install resolved        'gulp-contribs': '0.0.3',
47 silly install resolved        'gulp-conventional-changelog': '1.1.0',
47 silly install resolved        'gulp-filter': '4.0.0',
47 silly install resolved        istanbul: '0.4.5',
47 silly install resolved        'istanbul-coveralls': '1.0.3',
47 silly install resolved        'lodash-cli': '4.15.0',
47 silly install resolved        mocha: '3.0.2',
47 silly install resolved        q: '1.4.1',
47 silly install resolved        request: '2.74.0',
47 silly install resolved        rimraf: '2.5.4',
47 silly install resolved        sinon: '1.17.5',
47 silly install resolved        'socket.io-client': '1.4.8',
47 silly install resolved        supertest: '2.0.0',
47 silly install resolved        vinyl: '1.2.0' },
47 silly install resolved     keywords: [ 'browser sync', 'css', 'live reload', 'sync' ],
47 silly install resolved     gitHead: '24d72752609f7b1660c9e362af1cb8b2722548e5',
47 silly install resolved     bugs: { url: 'https://github.com/browsersync/browser-sync/issues' },
47 silly install resolved     _id: 'browser-sync@2.15.0',
47 silly install resolved     _shasum: '424758e90630d3af282bb05c45e529489439cedf',
47 silly install resolved     _from: 'browser-sync@*',
47 silly install resolved     _npmVersion: '2.15.8',
47 silly install resolved     _nodeVersion: '4.4.7',
47 silly install resolved     _npmUser: { name: 'shakyshane', email: 'shakyshane@gmail.com' },
47 silly install resolved     dist:
47 silly install resolved      { shasum: '424758e90630d3af282bb05c45e529489439cedf',
47 silly install resolved        tarball: 'https://registry.npmjs.org/browser-sync/-/browser-sync-2.15.0.tgz' },
47 silly install resolved     maintainers: [ [Object] ],
47 silly install resolved     _npmOperationalInternal:
47 silly install resolved      { host: 'packages-16-east.internal.npmjs.com',
47 silly install resolved        tmp: 'tmp/browser-sync-2.15.0.tgz_1473103053573_0.39728953992016613' },
47 silly install resolved     directories: {},
47 silly install resolved     _resolved: 'https://registry.npmjs.org/browser-sync/-/browser-sync-2.15.0.tgz' } ]
48 info install browser-sync@2.15.0 into /usr/local/lib
49 info installOne browser-sync@2.15.0
50 verbose installOne of browser-sync to /usr/local/lib not in flight; installing
51 verbose lock using /Users/vanitawashington/.npm/_locks/browser-sync-ed941186c435fb34.lock for /usr/local/lib/node_modules/browser-sync
52 silly install write writing browser-sync 2.15.0 to /usr/local/lib/node_modules/browser-sync
53 verbose unbuild lib/node_modules/browser-sync
54 info preuninstall browser-sync@2.14.0
55 info uninstall browser-sync@2.14.0
56 verbose unbuild rmStuff browser-sync@2.14.0 from /usr/local/lib/node_modules
57 silly gentlyRm /usr/local/bin/browser-sync is being gently removed
58 silly gentlyRm verifying /usr/local is an npm working directory
59 silly gentlyRm containing path /usr/local is under npm's control, in /usr/local
60 silly gentlyRm deletion target /usr/local/bin/browser-sync is under /usr/local
61 verbose gentlyRm vacuuming from /usr/local/bin/browser-sync up to /usr/local
62 silly vacuum-fs removing /usr/local/bin/browser-sync
63 silly vacuum-fs quitting because other entries in /usr/local/bin
64 info postuninstall browser-sync@2.14.0
65 silly gentlyRm /usr/local/lib/node_modules/browser-sync is being purged from base /usr/local
66 verbose gentlyRm don't care about contents; nuking /usr/local/lib/node_modules/browser-sync
67 silly vacuum-fs purging /usr/local/lib/node_modules/browser-sync
68 verbose unlock done using /Users/vanitawashington/.npm/_locks/browser-sync-ed941186c435fb34.lock for /usr/local/lib/node_modules/browser-sync
69 verbose stack Error: EACCES: permission denied, unlink '/usr/local/lib/node_modules/browser-sync/CHANGELOG.md'
69 verbose stack     at Error (native)
70 verbose cwd /Users/vanitawashington/git/angularjs-jhu
71 error Darwin 15.6.0
72 error argv "/usr/local/bin/node" "/usr/local/bin/npm" "install" "-g" "browser-sync"
73 error node v4.2.2
74 error npm  v2.14.7
75 error path /usr/local/lib/node_modules/browser-sync/CHANGELOG.md
76 error code EACCES
77 error errno -13
78 error syscall unlink
79 error Error: EACCES: permission denied, unlink '/usr/local/lib/node_modules/browser-sync/CHANGELOG.md'
79 error     at Error (native)
79 error  { [Error: EACCES: permission denied, unlink '/usr/local/lib/node_modules/browser-sync/CHANGELOG.md']
79 error   errno: -13,
79 error   code: 'EACCES',
79 error   syscall: 'unlink',
79 error   path: '/usr/local/lib/node_modules/browser-sync/CHANGELOG.md' }
80 error Please try running this command again as root/Administrator.
81 verbose exit [ -13, true ]
82 verbose unbuild lib/node_modules/browser-sync
83 info preuninstall browser-sync@2.14.0
84 info uninstall browser-sync@2.14.0
85 verbose unbuild rmStuff browser-sync@2.14.0 from /usr/local/lib/node_modules
86 silly gentlyRm /usr/local/bin/browser-sync is being gently removed
87 silly gentlyRm verifying /usr/local is an npm working directory
88 silly gentlyRm containing path /usr/local is under npm's control, in /usr/local
89 silly gentlyRm deletion target /usr/local/bin/browser-sync is under /usr/local
90 verbose gentlyRm vacuuming from /usr/local/bin/browser-sync up to /usr/local
91 info postuninstall browser-sync@2.14.0
92 silly gentlyRm /usr/local/lib/node_modules/browser-sync is being purged from base /usr/local
93 verbose gentlyRm don't care about contents; nuking /usr/local/lib/node_modules/browser-sync
94 silly vacuum-fs purging /usr/local/lib/node_modules/browser-sync
95 error error rolling back Error: EACCES: permission denied, unlink '/usr/local/lib/node_modules/browser-sync/CHANGELOG.md'
95 error error rolling back     at Error (native)
95 error error rolling back  { [Error: EACCES: permission denied, unlink '/usr/local/lib/node_modules/browser-sync/CHANGELOG.md']
95 error error rolling back   errno: -13,
95 error error rolling back   code: 'EACCES',
95 error error rolling back   syscall: 'unlink',
95 error error rolling back   path: '/usr/local/lib/node_modules/browser-sync/CHANGELOG.md' }
